<?xml version="1.0" encoding="UTF-8"?>
<!-- Generated by org.testng.reporters.JUnitXMLReporter -->
<testsuite ignored="8" hostname="DESKTOP-GTCKE9G" failures="3" tests="3" name="Test" time="0.138" errors="0" timestamp="2022-06-03T01:57:26 GMT-05:00">
  <testcase classname="com.Landy.testcases.NB_RealEstate_Page_Test" name="Create_New_Application" time="0.02">
    <failure type="java.lang.NullPointerException" message="Cannot invoke &amp;quot;com.Landy.Pages.HomePage.clickOnunderwriterLink()&amp;quot; because &amp;quot;this.homePage&amp;quot; is null">
      <![CDATA[java.lang.NullPointerException: Cannot invoke "com.Landy.Pages.HomePage.clickOnunderwriterLink()" because "this.homePage" is null
at com.Landy.testcases.NB_RealEstate_Page_Test.Create_New_Application(NB_RealEstate_Page_Test.java:86)
at java.base/java.util.ArrayList.forEach(ArrayList.java:1511)
... Removed 27 stack frames]]>
    </failure>
  </testcase> <!-- Create_New_Application -->
  <testcase classname="com.Landy.testcases.NB_RealEstate_Page_Test" name="selectState_Test" time="0.003">
    <failure type="java.lang.NullPointerException" message="Cannot invoke &amp;quot;com.Landy.Pages.new_GCI_accordion_Page.Select_State(String)&amp;quot; because &amp;quot;this.newgciAccorionPage&amp;quot; is null">
      <![CDATA[java.lang.NullPointerException: Cannot invoke "com.Landy.Pages.new_GCI_accordion_Page.Select_State(String)" because "this.newgciAccorionPage" is null
at com.Landy.testcases.NB_RealEstate_Page_Test.selectState_Test(NB_RealEstate_Page_Test.java:106)
at java.base/java.util.ArrayList.forEach(ArrayList.java:1511)
... Removed 27 stack frames]]>
    </failure>
  </testcase> <!-- selectState_Test -->
  <testcase classname="com.Landy.testcases.NB_RealEstate_Page_Test" name="Select_Re_StdTest1" time="0.006">
    <failure type="java.lang.NullPointerException" message="Cannot invoke &amp;quot;com.Landy.Pages.new_GCI_accordion_Page.Select_LOB(int)&amp;quot; because &amp;quot;this.newgciAccorionPage&amp;quot; is null">
      <![CDATA[java.lang.NullPointerException: Cannot invoke "com.Landy.Pages.new_GCI_accordion_Page.Select_LOB(int)" because "this.newgciAccorionPage" is null
at com.Landy.testcases.NB_RealEstate_Page_Test.Select_Re_StdTest1(NB_RealEstate_Page_Test.java:113)
at java.base/java.util.ArrayList.forEach(ArrayList.java:1511)
... Removed 27 stack frames]]>
    </failure>
  </testcase> <!-- Select_Re_StdTest1 -->
  <testcase classname="com.Landy.testcases.NB_RealEstate_Page_Test" name="saveBtnTest" time="0.0">
    <ignored/>
  </testcase> <!-- saveBtnTest -->
  <testcase classname="com.Landy.testcases.NB_RealEstate_Page_Test" name="setUp" time="0.0">
    <ignored/>
  </testcase> <!-- setUp -->
  <testcase classname="com.Landy.testcases.NB_RealEstate_Page_Test" name="validateRetroDateTest" time="0.0">
    <ignored/>
  </testcase> <!-- validateRetroDateTest -->
  <testcase classname="com.Landy.testcases.NB_RealEstate_Page_Test" name="enterFirmnameTest" time="0.0">
    <ignored/>
  </testcase> <!-- enterFirmnameTest -->
  <testcase classname="com.Landy.testcases.NB_RealEstate_Page_Test" name="NewContactTest" time="0.0">
    <ignored/>
  </testcase> <!-- NewContactTest -->
  <testcase classname="com.Landy.testcases.NB_RealEstate_Page_Test" name="enterAppSource" time="0.0">
    <ignored/>
  </testcase> <!-- enterAppSource -->
  <testcase classname="com.Landy.testcases.NB_RealEstate_Page_Test" name="verifyEffectiveDateTest" time="0.0">
    <ignored/>
  </testcase> <!-- verifyEffectiveDateTest -->
  <testcase classname="com.Landy.testcases.NB_RealEstate_Page_Test" name="enterProducerTest" time="0.0">
    <ignored/>
  </testcase> <!-- enterProducerTest -->
</testsuite> <!-- Test -->
